<?xml version="1.0" encoding="UTF-8"?>
<testng-results ignored="0" total="1" passed="1" failed="0" skipped="0">
  <reporter-output>
  </reporter-output>
  <suite started-at="2023-04-01T13:42:55 EDT" name="PetStoreSuite" finished-at="2023-04-01T13:43:07 EDT" duration-ms="12010">
    <groups>
      <group name="Master">
        <method signature="TC_001_AccountRegisterationTest.test_account_Registration()[pri:0, instance:testCases.TC_001_AccountRegisterationTest@7bd4937b]" name="test_account_Registration" class="testCases.TC_001_AccountRegisterationTest"/>
      </group> <!-- Master -->
      <group name="Regrasstion">
        <method signature="TC_001_AccountRegisterationTest.test_account_Registration()[pri:0, instance:testCases.TC_001_AccountRegisterationTest@7bd4937b]" name="test_account_Registration" class="testCases.TC_001_AccountRegisterationTest"/>
      </group> <!-- Regrasstion -->
    </groups>
    <test started-at="2023-04-01T13:42:55 EDT" name="PetStoreTest" finished-at="2023-04-01T13:43:07 EDT" duration-ms="12010">
      <class name="testCases.TC_001_AccountRegisterationTest">
        <test-method is-config="true" signature="setup(java.lang.String)[pri:0, instance:testCases.TC_001_AccountRegisterationTest@7bd4937b]" started-at="2023-04-01T13:42:55 EDT" name="setup" finished-at="2023-04-01T13:43:03 EDT" duration-ms="7386" status="PASS">
          <params>
            <param index="0">
              <value>
                <![CDATA[chrome]]>
              </value>
            </param>
          </params>
          <reporter-output>
          </reporter-output>
        </test-method> <!-- setup -->
        <test-method signature="test_account_Registration()[pri:0, instance:testCases.TC_001_AccountRegisterationTest@7bd4937b]" started-at="2023-04-01T13:43:03 EDT" name="test_account_Registration" finished-at="2023-04-01T13:43:06 EDT" duration-ms="3641" status="PASS">
          <reporter-output>
          </reporter-output>
        </test-method> <!-- test_account_Registration -->
        <test-method is-config="true" signature="teardown()[pri:0, instance:testCases.TC_001_AccountRegisterationTest@7bd4937b]" started-at="2023-04-01T13:43:06 EDT" name="teardown" finished-at="2023-04-01T13:43:07 EDT" duration-ms="421" status="PASS">
          <reporter-output>
          </reporter-output>
        </test-method> <!-- teardown -->
      </class> <!-- testCases.TC_001_AccountRegisterationTest -->
    </test> <!-- PetStoreTest -->
  </suite> <!-- PetStoreSuite -->
</testng-results>
